<?xml version="1.0" encoding="UTF-8"?>
<testsuite xmlns:xsi="http://www.w3.org/2001/XMLSchema-instance" xsi:noNamespaceSchemaLocation="https://maven.apache.org/surefire/maven-surefire-plugin/xsd/surefire-test-report-3.0.xsd" version="3.0" name="com.example.orderservice.OrderServiceApplicationTests" time="15.277" tests="1" errors="0" skipped="0" failures="0">
  <properties>
[...]
</properties>
  <testcase name="contextLoads" classname="com.example.orderservice.OrderServiceApplicationTests" time="1.431">
    <system-out><![CDATA[22:16:59.048 [main] INFO org.springframework.test.context.support.AnnotationConfigContextLoaderUtils -- Could not detect default configuration classes for test class [com.example.orderservice.OrderServiceApplicationTests]: OrderServiceApplicationTests does not declare any static, non-private, non-final, nested classes annotated with @Configuration.
22:16:59.340 [main] INFO org.springframework.boot.test.context.SpringBootTestContextBootstrapper -- Found @SpringBootConfiguration com.example.orderservice.OrderServiceApplication for test class com.example.orderservice.OrderServiceApplicationTests

  .   ____          _            __ _ _
 /\\ / ___'_ __ _ _(_)_ __  __ _ \ \ \ \
( ( )\___ | '_ | '_| | '_ \/ _` | \ \ \ \
 \\/  ___)| |_)| | | | | || (_| |  ) ) ) )
  '  |____| .__|_| |_|_| |_\__, | / / / /
 =========|_|==============|___/=/_/_/_/
 :: Spring Boot ::                (v3.1.5)

2023-10-24T22:17:00.388+05:30  INFO 24164 --- [           main] c.e.o.OrderServiceApplicationTests       : Starting OrderServiceApplicationTests using Java 18.0.1.1 with PID 24164 (started by HP in C:\Users\HP\Desktop\microservices-new\order-service)
2023-10-24T22:17:00.390+05:30  INFO 24164 --- [           main] c.e.o.OrderServiceApplicationTests       : No active profile set, falling back to 1 default profile: "default"
2023-10-24T22:17:02.112+05:30  INFO 24164 --- [           main] .s.d.r.c.RepositoryConfigurationDelegate : Bootstrapping Spring Data JPA repositories in DEFAULT mode.
2023-10-24T22:17:02.273+05:30  INFO 24164 --- [           main] .s.d.r.c.RepositoryConfigurationDelegate : Finished Spring Data repository scanning in 137 ms. Found 1 JPA repository interfaces.
2023-10-24T22:17:03.581+05:30  INFO 24164 --- [           main] o.hibernate.jpa.internal.util.LogHelper  : HHH000204: Processing PersistenceUnitInfo [name: default]
2023-10-24T22:17:03.750+05:30  INFO 24164 --- [           main] org.hibernate.Version                    : HHH000412: Hibernate ORM core version 6.2.13.Final
2023-10-24T22:17:03.757+05:30  INFO 24164 --- [           main] org.hibernate.cfg.Environment            : HHH000406: Using bytecode reflection optimizer
2023-10-24T22:17:04.687+05:30  INFO 24164 --- [           main] o.s.o.j.p.SpringPersistenceUnitInfo      : No LoadTimeWeaver setup: ignoring JPA class transformer
2023-10-24T22:17:04.759+05:30  INFO 24164 --- [           main] com.zaxxer.hikari.HikariDataSource       : HikariPool-1 - Starting...
2023-10-24T22:17:05.833+05:30  INFO 24164 --- [           main] com.zaxxer.hikari.pool.HikariPool        : HikariPool-1 - Added connection com.mysql.cj.jdbc.ConnectionImpl@2fee69a1
2023-10-24T22:17:05.838+05:30  INFO 24164 --- [           main] com.zaxxer.hikari.HikariDataSource       : HikariPool-1 - Start completed.
2023-10-24T22:17:08.473+05:30  INFO 24164 --- [           main] o.h.e.t.j.p.i.JtaPlatformInitiator       : HHH000489: No JTA platform available (set 'hibernate.transaction.jta.platform' to enable JTA platform integration)
2023-10-24T22:17:09.325+05:30  INFO 24164 --- [           main] j.LocalContainerEntityManagerFactoryBean : Initialized JPA EntityManagerFactory for persistence unit 'default'
2023-10-24T22:17:11.030+05:30  WARN 24164 --- [           main] JpaBaseConfiguration$JpaWebConfiguration : spring.jpa.open-in-view is enabled by default. Therefore, database queries may be performed during view rendering. Explicitly configure spring.jpa.open-in-view to disable this warning
2023-10-24T22:17:11.967+05:30  INFO 24164 --- [           main] c.e.o.OrderServiceApplicationTests       : Started OrderServiceApplicationTests in 12.175 seconds (process running for 15.463)
]]></system-out>
  </testcase>
</testsuite>